<?xml version="1.0" encoding="UTF-8" ?>
<testsuite tests="5" failures="0" name="com.mastery.java.task.dao.EmployeeDaoTest" time="0.3" errors="0" skipped="0">
  <properties>
[...]
</properties>
  <testcase classname="com.mastery.java.task.dao.EmployeeDaoTest" name="create" time="0.26"/>
  <testcase classname="com.mastery.java.task.dao.EmployeeDaoTest" name="delete" time="0"/>
  <testcase classname="com.mastery.java.task.dao.EmployeeDaoTest" name="getAll" time="0.01"/>
  <testcase classname="com.mastery.java.task.dao.EmployeeDaoTest" name="update" time="0.01"/>
  <testcase classname="com.mastery.java.task.dao.EmployeeDaoTest" name="getById" time="0.02"/>
</testsuite>